app/build/intermediates/manifest_merge_blame_file/release/manifest-merger-blame-release-report.txt
1<?xml version="1.0" encoding="utf-8"?>
2<manifest xmlns:android="http://schemas.android.com/apk/res/android"
3    package="com.example.perfect"
4    android:versionCode="1"
5    android:versionName="1.0" >
6
7    <uses-sdk
8        android:minSdkVersion="24"
9        android:targetSdkVersion="34" />
10
11    <uses-permission android:name="android.permission.INTERNET" />
11-->src/main/AndroidManifest.xml:4:5-67
11-->src/main/AndroidManifest.xml:4:22-64
12    <uses-permission android:name="android.permission.ACCESS_NETWORK_STATE" />
12-->src/main/AndroidManifest.xml:5:5-79
12-->src/main/AndroidManifest.xml:5:22-76
13
14    <application
14-->src/main/AndroidManifest.xml:7:5-25:19
15        android:allowBackup="true"
15-->src/main/AndroidManifest.xml:8:9-35
16        android:extractNativeLibs="false"
17        android:icon="@drawable/ic_launcher"
17-->src/main/AndroidManifest.xml:9:9-45
18        android:label="@string/app_name"
18-->src/main/AndroidManifest.xml:10:9-41
19        android:resizeableActivity="true"
19-->src/main/AndroidManifest.xml:13:9-42
20        android:theme="@style/AppTheme"
20-->src/main/AndroidManifest.xml:11:9-40
21        android:usesCleartextTraffic="true" >
21-->src/main/AndroidManifest.xml:12:9-44
22        <activity
22-->src/main/AndroidManifest.xml:14:9-24:20
23            android:name="com.example.perfect.MainActivity"
23-->src/main/AndroidManifest.xml:15:13-41
24            android:exported="true"
24-->src/main/AndroidManifest.xml:19:13-36
25            android:label="@string/app_name"
25-->src/main/AndroidManifest.xml:16:13-45
26            android:screenOrientation="sensorLandscape"
26-->src/main/AndroidManifest.xml:17:13-56
27            android:theme="@style/AppTheme" >
27-->src/main/AndroidManifest.xml:18:13-44
28            <intent-filter>
28-->src/main/AndroidManifest.xml:20:13-23:29
29                <action android:name="android.intent.action.MAIN" />
29-->src/main/AndroidManifest.xml:21:17-69
29-->src/main/AndroidManifest.xml:21:25-66
30
31                <category android:name="android.intent.category.LAUNCHER" />
31-->src/main/AndroidManifest.xml:22:17-77
31-->src/main/AndroidManifest.xml:22:27-74
32            </intent-filter>
33        </activity>
34    </application>
35
36</manifest>